Arguments: 
  /usr/local/bin/node /usr/local/bin/yarn add npm i hyper-transparent

PATH: 
  /Users/leonardo/.rbenv/shims:/usr/bin:/bin:/usr/sbin:/sbin:/usr/local/bin:/Applications/Wireshark.app/Contents/MacOS:/Users/leonardo/.rvm/bin

Yarn version: 
  1.6.0

Node version: 
  8.1.1

Platform: 
  darwin x64

Trace: 
  Error: EACCES: permission denied, mkdir '/Users/leonardo/Desktop/crud/crud/node_modules/buffer/node_modules/base64-js'

npm manifest: 
  {
    "name": "crud",
    "version": "1.1.1",
    "description": "crud: An Ionic project",
    "devDependencies": {
      "gulp": "^3.9.1",
      "gulp-clean-css": "^3.9.4",
      "gulp-rename": "^1.3.0",
      "gulp-sass": "^4.0.1",
      "webpack": "^4.15.1"
    },
    "cordovaPlugins": [
      "cordova-plugin-device",
      "cordova-plugin-console",
      "cordova-plugin-whitelist",
      "cordova-plugin-splashscreen",
      "cordova-plugin-statusbar",
      "ionic-plugin-keyboard"
    ],
    "cordovaPlatforms": [
      "ios"
    ],
    "dependencies": {
      "cordova-android": "7.0.0",
      "cordova-plugin-device": "1.1.4",
      "cordova-plugin-splashscreen": "~4.0.1",
      "cordova-plugin-statusbar": "2.2.1",
      "cordova-plugin-whitelist": "1.3.1",
      "gulp-minify-css": "^1.2.4",
      "ionic-plugin-keyboard": "~2.2.1",
      "precss": "^3.1.2"
    },
    "cordova": {
      "plugins": {
        "ionic-plugin-keyboard": {},
        "cordova-plugin-whitelist": {},
        "cordova-plugin-statusbar": {},
        "cordova-plugin-device": {},
        "cordova-plugin-splashscreen": {}
      },
      "platforms": [
        "android"
      ]
    }
  }

yarn manifest: 
  No manifest

Lockfile: 
  No lockfile
